<?xml version="1.0" encoding="UTF-8"?>
<coverage generated="1658855323636" clover="3.2.0">
  <project timestamp="1658855323636" name="All files">
    <metrics statements="20" coveredstatements="20" conditionals="4" coveredconditionals="4" methods="3" coveredmethods="3" elements="27" coveredelements="27" complexity="0" loc="20" ncloc="20" packages="1" files="3" classes="3"/>
    <file name="factorial.js" path="/Users/donejeh/Desktop/React/algo/maths/factorial.js">
      <metrics statements="5" coveredstatements="5" conditionals="0" coveredconditionals="0" methods="1" coveredmethods="1"/>
      <line num="3" count="4" type="stmt"/>
      <line num="5" count="4" type="stmt"/>
      <line num="6" count="10" type="stmt"/>
      <line num="8" count="4" type="stmt"/>
      <line num="16" count="1" type="stmt"/>
    </file>
    <file name="fibonnaci.js" path="/Users/donejeh/Desktop/React/algo/maths/fibonnaci.js">
      <metrics statements="5" coveredstatements="5" conditionals="0" coveredconditionals="0" methods="1" coveredmethods="1"/>
      <line num="2" count="3" type="stmt"/>
      <line num="3" count="3" type="stmt"/>
      <line num="4" count="8" type="stmt"/>
      <line num="7" count="3" type="stmt"/>
      <line num="13" count="1" type="stmt"/>
    </file>
    <file name="prime.js" path="/Users/donejeh/Desktop/React/algo/maths/prime.js">
      <metrics statements="10" coveredstatements="10" conditionals="4" coveredconditionals="4" methods="1" coveredmethods="1"/>
      <line num="2" count="8" type="cond" truecount="2" falsecount="0"/>
      <line num="4" count="6" type="stmt"/>
      <line num="5" count="6" type="cond" truecount="2" falsecount="0"/>
      <line num="7" count="2" type="stmt"/>
      <line num="10" count="4" type="stmt"/>
      <line num="12" count="1" type="stmt"/>
      <line num="13" count="1" type="stmt"/>
      <line num="14" count="1" type="stmt"/>
      <line num="15" count="1" type="stmt"/>
      <line num="19" count="1" type="stmt"/>
    </file>
  </project>
</coverage>
