{"/Users/donejeh/Desktop/React/algo/maths/factorial.js": {"path":"/Users/donejeh/Desktop/React/algo/maths/factorial.js","statementMap":{"0":{"start":{"line":3,"column":17},"end":{"line":3,"column":18}},"1":{"start":{"line":5,"column":4},"end":{"line":7,"column":5}},"2":{"start":{"line":5,"column":17},"end":{"line":5,"column":18}},"3":{"start":{"line":6,"column":4},"end":{"line":6,"column":15}},"4":{"start":{"line":8,"column":4},"end":{"line":8,"column":18}},"5":{"start":{"line":16,"column":0},"end":{"line":16,"column":26}}},"fnMap":{"0":{"name":"factorial","decl":{"start":{"line":1,"column":9},"end":{"line":1,"column":18}},"loc":{"start":{"line":1,"column":21},"end":{"line":9,"column":1}},"line":1}},"branchMap":{},"s":{"0":4,"1":4,"2":4,"3":10,"4":4,"5":1},"f":{"0":4},"b":{},"_coverageSchema":"1a1c01bbd47fc00a2c39e90264f33305004495a9","hash":"50345f4266cf6acbe6eb397d2b9f2be7252ccbde"}
,"/Users/donejeh/Desktop/React/algo/maths/fibonnaci.js": {"path":"/Users/donejeh/Desktop/React/algo/maths/fibonnaci.js","statementMap":{"0":{"start":{"line":2,"column":14},"end":{"line":2,"column":19}},"1":{"start":{"line":3,"column":4},"end":{"line":5,"column":5}},"2":{"start":{"line":3,"column":17},"end":{"line":3,"column":18}},"3":{"start":{"line":4,"column":8},"end":{"line":4,"column":31}},"4":{"start":{"line":7,"column":4},"end":{"line":7,"column":13}},"5":{"start":{"line":13,"column":0},"end":{"line":13,"column":20}}},"fnMap":{"0":{"name":"fib","decl":{"start":{"line":1,"column":9},"end":{"line":1,"column":12}},"loc":{"start":{"line":1,"column":15},"end":{"line":8,"column":1}},"line":1}},"branchMap":{},"s":{"0":3,"1":3,"2":3,"3":8,"4":3,"5":1},"f":{"0":3},"b":{},"_coverageSchema":"1a1c01bbd47fc00a2c39e90264f33305004495a9","hash":"3d7b64960d1a16bac39c48e555885aa9b738bfec"}
,"/Users/donejeh/Desktop/React/algo/maths/prime.js": {"path":"/Users/donejeh/Desktop/React/algo/maths/prime.js","statementMap":{"0":{"start":{"line":2,"column":4},"end":{"line":2,"column":27}},"1":{"start":{"line":2,"column":15},"end":{"line":2,"column":27}},"2":{"start":{"line":4,"column":4},"end":{"line":9,"column":5}},"3":{"start":{"line":4,"column":17},"end":{"line":4,"column":18}},"4":{"start":{"line":5,"column":8},"end":{"line":8,"column":9}},"5":{"start":{"line":7,"column":12},"end":{"line":7,"column":24}},"6":{"start":{"line":10,"column":4},"end":{"line":10,"column":15}},"7":{"start":{"line":12,"column":0},"end":{"line":12,"column":23}},"8":{"start":{"line":13,"column":0},"end":{"line":13,"column":23}},"9":{"start":{"line":14,"column":0},"end":{"line":14,"column":23}},"10":{"start":{"line":15,"column":0},"end":{"line":15,"column":23}},"11":{"start":{"line":19,"column":0},"end":{"line":19,"column":24}}},"fnMap":{"0":{"name":"isPrime","decl":{"start":{"line":1,"column":9},"end":{"line":1,"column":16}},"loc":{"start":{"line":1,"column":19},"end":{"line":11,"column":1}},"line":1}},"branchMap":{"0":{"loc":{"start":{"line":2,"column":4},"end":{"line":2,"column":27}},"type":"if","locations":[{"start":{"line":2,"column":4},"end":{"line":2,"column":27}},{"start":{},"end":{}}],"line":2},"1":{"loc":{"start":{"line":5,"column":8},"end":{"line":8,"column":9}},"type":"if","locations":[{"start":{"line":5,"column":8},"end":{"line":8,"column":9}},{"start":{},"end":{}}],"line":5}},"s":{"0":8,"1":2,"2":6,"3":6,"4":6,"5":2,"6":4,"7":1,"8":1,"9":1,"10":1,"11":1},"f":{"0":8},"b":{"0":[2,6],"1":[2,4]},"_coverageSchema":"1a1c01bbd47fc00a2c39e90264f33305004495a9","hash":"67d92a1c1d285cdde72c36e46ce4e8eca8527c62"}
}
