TN:
SF:maths/factorial.js
FN:1,factorial
FN:17,recursiveFactorial
FNF:2
FNH:2
FNDA:4,factorial
FNDA:12,recursiveFactorial
DA:3,4
DA:5,4
DA:6,10
DA:8,4
DA:18,12
DA:19,2
DA:22,10
DA:24,1
DA:25,1
DA:26,1
LF:10
LH:10
BRDA:18,0,0,2
BRDA:18,0,1,10
BRF:2
BRH:2
end_of_record
TN:
SF:maths/fibonnaci.js
FN:1,fib
FN:14,recursiveFibonacci
FNF:2
FNH:1
FNDA:3,fib
FNDA:0,recursiveFibonacci
DA:2,3
DA:3,3
DA:4,8
DA:7,3
DA:15,0
DA:16,0
DA:18,0
DA:21,1
LF:8
LH:5
BRDA:15,0,0,0
BRDA:15,0,1,0
BRF:2
BRH:0
end_of_record
TN:
SF:maths/prime.js
FN:1,isPrime
FNF:1
FNH:1
FNDA:8,isPrime
DA:2,8
DA:4,6
DA:5,6
DA:7,2
DA:10,4
DA:12,1
DA:13,1
DA:14,1
DA:15,1
DA:19,1
LF:10
LH:10
BRDA:2,0,0,2
BRDA:2,0,1,6
BRDA:5,1,0,2
BRDA:5,1,1,4
BRF:4
BRH:4
end_of_record
